2019-12-22 14:24:01.120 DEBUG [main][HiddenNerve.java:23] - depth:1,eventId:1,parameter:20.0
2019-12-22 14:26:49.422 DEBUG [main][HiddenNerve.java:23] - depth:1,eventId:1,parameter:20.0
2019-12-22 14:30:16.249 DEBUG [main][HiddenNerve.java:23] - depth:1,eventId:1,parameter:20.0
2019-12-22 14:30:16.257 DEBUG [main][Nerve.java:71] - eventId:1,id:1,w:0.5822246519458298,value:20.0
2019-12-22 14:30:16.259 DEBUG [main][OutNerve.java:20] - 输出神经元，eventId:1,parameter:0.9998522249
2019-12-22 14:30:16.259 DEBUG [main][HiddenNerve.java:23] - depth:1,eventId:1,parameter:20.0
2019-12-22 14:30:16.259 DEBUG [main][Nerve.java:71] - eventId:1,id:1,w:0.36071410093452816,value:20.0
2019-12-22 14:30:16.260 DEBUG [main][OutNerve.java:20] - 输出神经元，eventId:1,parameter:0.9801039518
2019-12-22 14:30:16.260 DEBUG [main][Nerve.java:71] - eventId:1,id:1,w:0.3343282043152408,value:0.9998522249
2019-12-22 14:30:16.261 DEBUG [main][Nerve.java:71] - eventId:1,id:2,w:0.5376580241783178,value:0.9801039518
2019-12-22 14:30:16.261 DEBUG [main][OutNerve.java:25] - out:0.5116393782
2019-12-22 14:45:03.007 DEBUG [main][HiddenNerve.java:23] - name:HiddenNerve,depth:1,eventId:1,parameter:20.0
2019-12-22 14:45:03.014 DEBUG [main][Nerve.java:73] - name:HiddenNerve,eventId:1,id:1,w:0.6827388389838821,value:20.0
2019-12-22 14:45:03.015 DEBUG [main][HiddenNerve.java:28] - end:0.9999774606
2019-12-22 14:45:03.015 DEBUG [main][OutNerve.java:20] - Nerve:OutNerve,eventId:1,parameter:0.9999774606
2019-12-22 14:45:03.016 DEBUG [main][HiddenNerve.java:23] - name:HiddenNerve,depth:1,eventId:1,parameter:20.0
2019-12-22 14:45:03.016 DEBUG [main][Nerve.java:73] - name:HiddenNerve,eventId:1,id:1,w:0.8144104386464596,value:20.0
2019-12-22 14:45:03.016 DEBUG [main][HiddenNerve.java:28] - end:0.9996913229
2019-12-22 14:45:03.017 DEBUG [main][OutNerve.java:20] - Nerve:OutNerve,eventId:1,parameter:0.9996913229
2019-12-22 14:45:03.017 DEBUG [main][Nerve.java:73] - name:OutNerve,eventId:1,id:1,w:0.4244304808140593,value:0.9999774606
2019-12-22 14:45:03.018 DEBUG [main][Nerve.java:73] - name:OutNerve,eventId:1,id:2,w:0.2431690414614398,value:0.9996913229
2019-12-22 14:45:03.018 DEBUG [main][OutNerve.java:25] - out:6.149141E-4
2019-12-22 14:47:11.991 DEBUG [main][HiddenNerve.java:23] - name:HiddenNerve,depth:1,eventId:1,parameter:20.0--getInput
2019-12-22 14:47:11.998 DEBUG [main][Nerve.java:73] - name:HiddenNerve,eventId:1,id:1,w:0.8906183132253463,value:20.0
2019-12-22 14:47:12.000 DEBUG [main][HiddenNerve.java:28] - outPut:0.9999818044
2019-12-22 14:47:12.000 DEBUG [main][OutNerve.java:20] - Nerve:OutNerve,eventId:1,parameter:0.9999818044--getInput
2019-12-22 14:47:12.000 DEBUG [main][HiddenNerve.java:23] - name:HiddenNerve,depth:1,eventId:1,parameter:20.0--getInput
2019-12-22 14:47:12.001 DEBUG [main][Nerve.java:73] - name:HiddenNerve,eventId:1,id:1,w:0.3724482871222007,value:20.0
2019-12-22 14:47:12.001 DEBUG [main][HiddenNerve.java:28] - outPut:0.8731680637
2019-12-22 14:47:12.001 DEBUG [main][OutNerve.java:20] - Nerve:OutNerve,eventId:1,parameter:0.8731680637--getInput
2019-12-22 14:47:12.002 DEBUG [main][Nerve.java:73] - name:OutNerve,eventId:1,id:1,w:0.2142512422157351,value:0.9999818044
2019-12-22 14:47:12.002 DEBUG [main][Nerve.java:73] - name:OutNerve,eventId:1,id:2,w:0.2622334405327216,value:0.8731680637
2019-12-22 14:47:12.003 DEBUG [main][OutNerve.java:25] - outPut:8.490953E-4------END
2019-12-22 14:58:02.121 DEBUG [main][HiddenNerve.java:23] - name:HiddenNerve,depth:1,eventId:1,parameter:20.0--getInput
2019-12-22 14:58:02.131 DEBUG [main][Nerve.java:73] - name:HiddenNerve,eventId:1,id:1,myId:1,w:0.43346848434729923,value:20.0
2019-12-22 14:58:02.133 DEBUG [main][Nerve.java:75] - 当前神经元线性变化已经完成============
2019-12-22 14:58:02.134 DEBUG [main][HiddenNerve.java:28] - outPut:0.9947190851
2019-12-22 14:58:02.135 DEBUG [main][OutNerve.java:20] - Nerve:OutNerve,eventId:1,parameter:0.9947190851--getInput
2019-12-22 14:58:02.135 DEBUG [main][HiddenNerve.java:23] - name:HiddenNerve,depth:1,eventId:1,parameter:20.0--getInput
2019-12-22 14:58:02.135 DEBUG [main][Nerve.java:73] - name:HiddenNerve,eventId:1,id:1,myId:2,w:0.9254130225892371,value:20.0
2019-12-22 14:58:02.135 DEBUG [main][Nerve.java:75] - 当前神经元线性变化已经完成============
2019-12-22 14:58:02.136 DEBUG [main][HiddenNerve.java:28] - outPut:0.9999760821
2019-12-22 14:58:02.136 DEBUG [main][OutNerve.java:20] - Nerve:OutNerve,eventId:1,parameter:0.9999760821--getInput
2019-12-22 14:58:02.137 DEBUG [main][Nerve.java:73] - name:OutNerve,eventId:1,id:1,myId:1,w:0.45266006687060756,value:0.9947190851
2019-12-22 14:58:02.137 DEBUG [main][Nerve.java:73] - name:OutNerve,eventId:1,id:2,myId:1,w:0.12185259599107734,value:0.9999760821
2019-12-22 14:58:02.138 DEBUG [main][Nerve.java:75] - 当前神经元线性变化已经完成============
2019-12-22 14:58:02.138 DEBUG [main][OutNerve.java:25] - outPut:0.0085325295------END
2019-12-22 15:02:52.894 DEBUG [main][HiddenNerve.java:23] - name:HiddenNerve,depth:1,eventId:1,parameter:20.0--getInput
2019-12-22 15:02:52.901 DEBUG [main][Nerve.java:73] - name:HiddenNerve,eventId:1,id:1,myId:1,w:0.44365212614634897,value:20.0
2019-12-22 15:02:52.902 DEBUG [main][Nerve.java:75] - 当前神经元线性变化已经完成============
2019-12-22 15:02:52.903 DEBUG [main][HiddenNerve.java:28] - myID:1,outPut:0.3726747486
2019-12-22 15:02:52.903 DEBUG [main][OutNerve.java:20] - Nerve:OutNerve,eventId:1,parameter:0.3726747486--getInput
2019-12-22 15:02:52.903 DEBUG [main][HiddenNerve.java:23] - name:HiddenNerve,depth:1,eventId:1,parameter:20.0--getInput
2019-12-22 15:02:52.904 DEBUG [main][Nerve.java:73] - name:HiddenNerve,eventId:1,id:1,myId:2,w:0.6062137001288563,value:20.0
2019-12-22 15:02:52.904 DEBUG [main][Nerve.java:75] - 当前神经元线性变化已经完成============
2019-12-22 15:02:52.905 DEBUG [main][HiddenNerve.java:28] - myID:2,outPut:0.9999595103
2019-12-22 15:02:52.905 DEBUG [main][OutNerve.java:20] - Nerve:OutNerve,eventId:1,parameter:0.9999595103--getInput
2019-12-22 15:02:52.905 DEBUG [main][HiddenNerve.java:23] - name:HiddenNerve,depth:1,eventId:1,parameter:20.0--getInput
2019-12-22 15:02:52.905 DEBUG [main][Nerve.java:73] - name:HiddenNerve,eventId:1,id:1,myId:3,w:0.701432291246505,value:20.0
2019-12-22 15:02:52.906 DEBUG [main][Nerve.java:75] - 当前神经元线性变化已经完成============
2019-12-22 15:02:52.906 DEBUG [main][HiddenNerve.java:28] - myID:3,outPut:0.9959075899
2019-12-22 15:02:52.906 DEBUG [main][OutNerve.java:20] - Nerve:OutNerve,eventId:1,parameter:0.9959075899--getInput
2019-12-22 15:02:52.907 DEBUG [main][Nerve.java:73] - name:OutNerve,eventId:1,id:1,myId:1,w:0.36263461800352825,value:0.3726747486
2019-12-22 15:02:52.907 DEBUG [main][Nerve.java:73] - name:OutNerve,eventId:1,id:2,myId:1,w:0.06923398289802274,value:0.9999595103
2019-12-22 15:02:52.908 DEBUG [main][Nerve.java:73] - name:OutNerve,eventId:1,id:3,myId:1,w:0.0418022630182433,value:0.9959075899
2019-12-22 15:02:52.908 DEBUG [main][Nerve.java:75] - 当前神经元线性变化已经完成============
2019-12-22 15:02:52.908 DEBUG [main][OutNerve.java:25] - myId:1,outPut:0.001141322------END
2019-12-22 15:08:49.016 DEBUG [main][HiddenNerve.java:23] - name:HiddenNerve,depth:1,eventId:1,parameter:2.0--getInput
2019-12-22 15:08:49.021 DEBUG [main][HiddenNerve.java:23] - name:HiddenNerve,depth:1,eventId:1,parameter:2.0--getInput
2019-12-22 15:08:49.021 DEBUG [main][HiddenNerve.java:23] - name:HiddenNerve,depth:1,eventId:1,parameter:3.0--getInput
2019-12-22 15:08:49.024 DEBUG [main][Nerve.java:73] - name:HiddenNerve,eventId:1,id:1,myId:1,w:0.5201428698556442,value:2.0
2019-12-22 15:08:49.025 DEBUG [main][Nerve.java:73] - name:HiddenNerve,eventId:1,id:2,myId:1,w:0.13715029163347625,value:3.0
2019-12-22 15:08:49.025 DEBUG [main][Nerve.java:75] - 当前神经元线性变化已经完成============
2019-12-22 15:08:49.026 DEBUG [main][HiddenNerve.java:28] - myID:1,outPut:0.0023059076
2019-12-22 15:08:49.027 DEBUG [main][OutNerve.java:20] - Nerve:OutNerve,eventId:1,parameter:0.0023059076--getInput
2019-12-22 15:08:49.027 DEBUG [main][HiddenNerve.java:23] - name:HiddenNerve,depth:1,eventId:1,parameter:3.0--getInput
2019-12-22 15:08:49.027 DEBUG [main][Nerve.java:73] - name:HiddenNerve,eventId:1,id:1,myId:2,w:0.5738646848225151,value:2.0
2019-12-22 15:08:49.028 DEBUG [main][Nerve.java:73] - name:HiddenNerve,eventId:1,id:2,myId:2,w:0.052784081290461415,value:3.0
2019-12-22 15:08:49.028 DEBUG [main][Nerve.java:75] - 当前神经元线性变化已经完成============
2019-12-22 15:08:49.028 DEBUG [main][HiddenNerve.java:28] - myID:2,outPut:0.4337043067
2019-12-22 15:08:49.029 DEBUG [main][OutNerve.java:20] - Nerve:OutNerve,eventId:1,parameter:0.4337043067--getInput
2019-12-22 15:08:49.029 DEBUG [main][Nerve.java:73] - name:OutNerve,eventId:1,id:1,myId:1,w:0.352462579103086,value:0.0023059076
2019-12-22 15:08:49.030 DEBUG [main][Nerve.java:73] - name:OutNerve,eventId:1,id:2,myId:1,w:0.9854132876687496,value:0.4337043067
2019-12-22 15:08:49.030 DEBUG [main][Nerve.java:75] - 当前神经元线性变化已经完成============
2019-12-22 15:08:49.031 DEBUG [main][OutNerve.java:25] - myId:1,outPut:0.0181187933------END
2019-12-22 15:11:12.266 DEBUG [main][HiddenNerve.java:23] - name:HiddenNerve,myId:1,depth:1,eventId:1,parameter:2.0--getInput
2019-12-22 15:11:12.270 DEBUG [main][HiddenNerve.java:23] - name:HiddenNerve,myId:2,depth:1,eventId:1,parameter:2.0--getInput
2019-12-22 15:11:12.270 DEBUG [main][HiddenNerve.java:23] - name:HiddenNerve,myId:1,depth:1,eventId:1,parameter:3.0--getInput
2019-12-22 15:11:12.273 DEBUG [main][Nerve.java:73] - name:HiddenNerve,eventId:1,id:1,myId:1,w:0.8141360409450334,value:2.0
2019-12-22 15:11:12.273 DEBUG [main][Nerve.java:73] - name:HiddenNerve,eventId:1,id:2,myId:1,w:0.9562048992826585,value:3.0
2019-12-22 15:11:12.274 DEBUG [main][Nerve.java:75] - 当前神经元线性变化已经完成============
2019-12-22 15:11:12.275 DEBUG [main][HiddenNerve.java:28] - myID:1,outPut:0.9885410066
2019-12-22 15:11:12.276 DEBUG [main][OutNerve.java:20] - Nerve:OutNerve,eventId:1,parameter:0.9885410066--getInput
2019-12-22 15:11:12.276 DEBUG [main][HiddenNerve.java:23] - name:HiddenNerve,myId:2,depth:1,eventId:1,parameter:3.0--getInput
2019-12-22 15:11:12.276 DEBUG [main][Nerve.java:73] - name:HiddenNerve,eventId:1,id:1,myId:2,w:0.9012998705643974,value:2.0
2019-12-22 15:11:12.277 DEBUG [main][Nerve.java:73] - name:HiddenNerve,eventId:1,id:2,myId:2,w:0.0694541466269285,value:3.0
2019-12-22 15:11:12.277 DEBUG [main][Nerve.java:75] - 当前神经元线性变化已经完成============
2019-12-22 15:11:12.277 DEBUG [main][HiddenNerve.java:28] - myID:2,outPut:3.857435E-4
2019-12-22 15:11:12.278 DEBUG [main][OutNerve.java:20] - Nerve:OutNerve,eventId:1,parameter:3.857435E-4--getInput
2019-12-22 15:11:12.278 DEBUG [main][Nerve.java:73] - name:OutNerve,eventId:1,id:1,myId:1,w:0.6123535437424579,value:0.9885410066
2019-12-22 15:11:12.279 DEBUG [main][Nerve.java:73] - name:OutNerve,eventId:1,id:2,myId:1,w:0.6587081327830954,value:3.857435E-4
2019-12-22 15:11:12.279 DEBUG [main][Nerve.java:75] - 当前神经元线性变化已经完成============
2019-12-22 15:11:12.279 DEBUG [main][OutNerve.java:25] - myId:1,outPut:0.003257045------END
2019-12-22 15:26:11.434 DEBUG [main][HiddenNerve.java:23] - name:HiddenNerve,myId:1,depth:1,eventId:1,parameter:2.0--getInput
2019-12-22 15:26:11.438 DEBUG [main][HiddenNerve.java:23] - name:HiddenNerve,myId:2,depth:1,eventId:1,parameter:2.0--getInput
2019-12-22 15:26:11.439 DEBUG [main][HiddenNerve.java:23] - name:HiddenNerve,myId:1,depth:1,eventId:1,parameter:3.0--getInput
2019-12-22 15:26:11.442 DEBUG [main][Nerve.java:73] - name:HiddenNerve,eventId:1,id:1,myId:1,w:0.7548552606896257,value:2.0
2019-12-22 15:26:11.443 DEBUG [main][Nerve.java:73] - name:HiddenNerve,eventId:1,id:2,myId:1,w:0.4868771939371376,value:3.0
2019-12-22 15:26:11.444 DEBUG [main][Nerve.java:75] - 当前神经元线性变化已经完成============
2019-12-22 15:26:11.445 DEBUG [main][HiddenNerve.java:28] - depth:1,myID:1,outPut:0.0126178694
2019-12-22 15:26:11.445 DEBUG [main][OutNerve.java:20] - Nerve:OutNerve,eventId:1,parameter:0.0126178694--getInput
2019-12-22 15:26:11.446 DEBUG [main][HiddenNerve.java:23] - name:HiddenNerve,myId:2,depth:1,eventId:1,parameter:3.0--getInput
2019-12-22 15:26:11.446 DEBUG [main][Nerve.java:73] - name:HiddenNerve,eventId:1,id:1,myId:2,w:0.5852687734472161,value:2.0
2019-12-22 15:26:11.446 DEBUG [main][Nerve.java:73] - name:HiddenNerve,eventId:1,id:2,myId:2,w:0.7867566159838445,value:3.0
2019-12-22 15:26:11.447 DEBUG [main][Nerve.java:75] - 当前神经元线性变化已经完成============
2019-12-22 15:26:11.447 DEBUG [main][HiddenNerve.java:28] - depth:1,myID:2,outPut:0.2367969509
2019-12-22 15:26:11.447 DEBUG [main][OutNerve.java:20] - Nerve:OutNerve,eventId:1,parameter:0.2367969509--getInput
2019-12-22 15:26:11.448 DEBUG [main][Nerve.java:73] - name:OutNerve,eventId:1,id:1,myId:1,w:0.1188470209165281,value:0.0126178694
2019-12-22 15:26:11.448 DEBUG [main][Nerve.java:73] - name:OutNerve,eventId:1,id:2,myId:1,w:0.7034962987482468,value:0.2367969509
2019-12-22 15:26:11.449 DEBUG [main][Nerve.java:75] - 当前神经元线性变化已经完成============
2019-12-22 15:26:11.449 DEBUG [main][OutNerve.java:25] - myId:1,outPut:0.0017128441------END
2019-12-22 15:30:35.085 DEBUG [main][HiddenNerve.java:23] - name:HiddenNerve,myId:1,depth:1,eventId:1,parameter:2.0--getInput
2019-12-22 15:30:35.092 DEBUG [main][HiddenNerve.java:23] - name:HiddenNerve,myId:2,depth:1,eventId:1,parameter:2.0--getInput
2019-12-22 15:30:35.093 DEBUG [main][HiddenNerve.java:23] - name:HiddenNerve,myId:1,depth:1,eventId:1,parameter:3.0--getInput
2019-12-22 15:30:35.096 DEBUG [main][Nerve.java:73] - name:HiddenNerve,eventId:1,id:1,myId:1,w:0.23015477527913086,value:2.0
2019-12-22 15:30:35.097 DEBUG [main][Nerve.java:73] - name:HiddenNerve,eventId:1,id:2,myId:1,w:0.3809547260425219,value:3.0
2019-12-22 15:30:35.097 DEBUG [main][Nerve.java:75] - 当前神经元线性变化已经完成,name:HiddenNerve,id:1
2019-12-22 15:30:35.098 DEBUG [main][HiddenNerve.java:28] - depth:1,myID:1,outPut:4.042298E-4
2019-12-22 15:30:35.099 DEBUG [main][OutNerve.java:20] - Nerve:OutNerve,eventId:1,parameter:4.042298E-4--getInput
2019-12-22 15:30:35.100 DEBUG [main][HiddenNerve.java:23] - name:HiddenNerve,myId:2,depth:1,eventId:1,parameter:3.0--getInput
2019-12-22 15:30:35.100 DEBUG [main][Nerve.java:73] - name:HiddenNerve,eventId:1,id:1,myId:2,w:0.08764784591891828,value:2.0
2019-12-22 15:30:35.100 DEBUG [main][Nerve.java:73] - name:HiddenNerve,eventId:1,id:2,myId:2,w:0.6616515500837578,value:3.0
2019-12-22 15:30:35.101 DEBUG [main][Nerve.java:75] - 当前神经元线性变化已经完成,name:HiddenNerve,id:2
2019-12-22 15:30:35.101 DEBUG [main][HiddenNerve.java:28] - depth:1,myID:2,outPut:0.2848183195
2019-12-22 15:30:35.101 DEBUG [main][OutNerve.java:20] - Nerve:OutNerve,eventId:1,parameter:0.2848183195--getInput
2019-12-22 15:30:35.102 DEBUG [main][Nerve.java:73] - name:OutNerve,eventId:1,id:1,myId:1,w:0.0020286804844307227,value:4.042298E-4
2019-12-22 15:30:35.103 DEBUG [main][Nerve.java:73] - name:OutNerve,eventId:1,id:2,myId:1,w:0.46806159807941816,value:0.2848183195
2019-12-22 15:30:35.103 DEBUG [main][Nerve.java:75] - 当前神经元线性变化已经完成,name:OutNerve,id:1
2019-12-22 15:30:35.104 DEBUG [main][OutNerve.java:25] - myId:1,outPut:0.3335662374------END
2019-12-22 15:32:29.133 DEBUG [main][HiddenNerve.java:23] - name:HiddenNerve,myId:1,depth:1,eventId:1,parameter:2.0--getInput
2019-12-22 15:32:29.137 DEBUG [main][HiddenNerve.java:23] - name:HiddenNerve,myId:2,depth:1,eventId:1,parameter:2.0--getInput
2019-12-22 15:32:29.138 DEBUG [main][HiddenNerve.java:23] - name:HiddenNerve,myId:1,depth:1,eventId:1,parameter:3.0--getInput
2019-12-22 15:32:29.138 DEBUG [main][HiddenNerve.java:26] - depth:1,myID:1--startCalculation
2019-12-22 15:32:29.141 DEBUG [main][Nerve.java:73] - name:HiddenNerve,eventId:1,id:1,myId:1,w:0.6606202535003277,value:2.0
2019-12-22 15:32:29.141 DEBUG [main][Nerve.java:73] - name:HiddenNerve,eventId:1,id:2,myId:1,w:0.6252718413890234,value:3.0
2019-12-22 15:32:29.141 DEBUG [main][Nerve.java:75] - 当前神经元线性变化已经完成,name:HiddenNerve,id:1
2019-12-22 15:32:29.142 DEBUG [main][HiddenNerve.java:29] - depth:1,myID:1,outPut:0.016005428
2019-12-22 15:32:29.143 DEBUG [main][OutNerve.java:20] - Nerve:OutNerve,eventId:1,parameter:0.016005428--getInput
2019-12-22 15:32:29.143 DEBUG [main][HiddenNerve.java:23] - name:HiddenNerve,myId:2,depth:1,eventId:1,parameter:3.0--getInput
2019-12-22 15:32:29.143 DEBUG [main][HiddenNerve.java:26] - depth:1,myID:2--startCalculation
2019-12-22 15:32:29.144 DEBUG [main][Nerve.java:73] - name:HiddenNerve,eventId:1,id:1,myId:2,w:0.19130161948061453,value:2.0
2019-12-22 15:32:29.144 DEBUG [main][Nerve.java:73] - name:HiddenNerve,eventId:1,id:2,myId:2,w:0.7075223094515686,value:3.0
2019-12-22 15:32:29.144 DEBUG [main][Nerve.java:75] - 当前神经元线性变化已经完成,name:HiddenNerve,id:2
2019-12-22 15:32:29.145 DEBUG [main][HiddenNerve.java:29] - depth:1,myID:2,outPut:0.9061457334
2019-12-22 15:32:29.145 DEBUG [main][OutNerve.java:20] - Nerve:OutNerve,eventId:1,parameter:0.9061457334--getInput
2019-12-22 15:32:29.146 DEBUG [main][Nerve.java:73] - name:OutNerve,eventId:1,id:1,myId:1,w:0.9698827747761674,value:0.016005428
2019-12-22 15:32:29.146 DEBUG [main][Nerve.java:73] - name:OutNerve,eventId:1,id:2,myId:1,w:0.7657778428955963,value:0.9061457334
2019-12-22 15:32:29.146 DEBUG [main][Nerve.java:75] - 当前神经元线性变化已经完成,name:OutNerve,id:1
2019-12-22 15:32:29.147 DEBUG [main][OutNerve.java:25] - myId:1,outPut:0.0018952257------END
2019-12-22 15:36:53.781 DEBUG [main][HiddenNerve.java:23] - name:HiddenNerve,myId:1,depth:1,eventId:1,parameter:2.0--getInput
2019-12-22 15:36:53.786 DEBUG [main][HiddenNerve.java:23] - name:HiddenNerve,myId:2,depth:1,eventId:1,parameter:2.0--getInput
2019-12-22 15:36:53.786 DEBUG [main][HiddenNerve.java:23] - name:HiddenNerve,myId:1,depth:1,eventId:1,parameter:3.0--getInput
2019-12-22 15:36:53.787 DEBUG [main][HiddenNerve.java:26] - depth:1,myID:1--startCalculation
2019-12-22 15:36:53.787 DEBUG [main][Nerve.java:73] - name:HiddenNerve,eventId:1,id:1,myId:1,w:0.24632029824349333,value:2.0
2019-12-22 15:36:53.788 DEBUG [main][Nerve.java:73] - name:HiddenNerve,eventId:1,id:2,myId:1,w:0.9468025149861908,value:3.0
2019-12-22 15:36:53.788 DEBUG [main][Nerve.java:75] - 当前神经元线性变化已经完成,name:HiddenNerve,id:1
2019-12-22 15:36:53.789 DEBUG [main][HiddenNerve.java:29] - depth:1,myID:1,outPut:0.0142551211
2019-12-22 15:36:53.789 DEBUG [main][OutNerve.java:20] - Nerve:OutNerve,eventId:1,parameter:0.0142551211--getInput
2019-12-22 15:36:53.790 DEBUG [main][HiddenNerve.java:23] - name:HiddenNerve,myId:2,depth:1,eventId:1,parameter:3.0--getInput
2019-12-22 15:36:53.790 DEBUG [main][HiddenNerve.java:26] - depth:1,myID:2--startCalculation
2019-12-22 15:36:53.791 DEBUG [main][Nerve.java:73] - name:HiddenNerve,eventId:1,id:1,myId:2,w:0.6750593757913804,value:2.0
2019-12-22 15:36:53.791 DEBUG [main][Nerve.java:73] - name:HiddenNerve,eventId:1,id:2,myId:2,w:0.41076369134318225,value:3.0
2019-12-22 15:36:53.792 DEBUG [main][Nerve.java:75] - 当前神经元线性变化已经完成,name:HiddenNerve,id:2
2019-12-22 15:36:53.792 DEBUG [main][HiddenNerve.java:29] - depth:1,myID:2,outPut:0.0019714257
2019-12-22 15:36:53.792 DEBUG [main][OutNerve.java:20] - Nerve:OutNerve,eventId:1,parameter:0.0019714257--getInput
2019-12-22 15:36:53.793 DEBUG [main][Nerve.java:73] - name:OutNerve,eventId:1,id:1,myId:1,w:0.8793565061274782,value:0.0142551211
2019-12-22 15:36:53.794 DEBUG [main][Nerve.java:73] - name:OutNerve,eventId:1,id:2,myId:1,w:0.1702441777406305,value:0.0019714257
2019-12-22 15:36:53.794 DEBUG [main][Nerve.java:75] - 当前神经元线性变化已经完成,name:OutNerve,id:1
2019-12-22 15:36:53.794 DEBUG [main][OutNerve.java:25] - myId:1,outPut:0.005317482------END
2019-12-22 15:37:44.151 DEBUG [main][HiddenNerve.java:23] - name:HiddenNerve,myId:1,depth:1,eventId:1,parameter:2.0--getInput
2019-12-22 15:37:44.156 DEBUG [main][HiddenNerve.java:23] - name:HiddenNerve,myId:2,depth:1,eventId:1,parameter:2.0--getInput
2019-12-22 15:37:44.156 DEBUG [main][HiddenNerve.java:23] - name:HiddenNerve,myId:3,depth:1,eventId:1,parameter:2.0--getInput
2019-12-22 15:37:44.156 DEBUG [main][HiddenNerve.java:23] - name:HiddenNerve,myId:1,depth:1,eventId:1,parameter:3.0--getInput
2019-12-22 15:37:44.157 DEBUG [main][HiddenNerve.java:26] - depth:1,myID:1--startCalculation
2019-12-22 15:37:44.157 DEBUG [main][Nerve.java:73] - name:HiddenNerve,eventId:1,id:1,myId:1,w:0.3636411611172611,value:2.0
2019-12-22 15:37:44.158 DEBUG [main][Nerve.java:73] - name:HiddenNerve,eventId:1,id:2,myId:1,w:0.42290514192795436,value:3.0
2019-12-22 15:37:44.158 DEBUG [main][Nerve.java:75] - 当前神经元线性变化已经完成,name:HiddenNerve,id:1
2019-12-22 15:37:44.159 DEBUG [main][HiddenNerve.java:29] - depth:1,myID:1,outPut:0.0176893349
2019-12-22 15:37:44.159 DEBUG [main][HiddenNerve.java:23] - name:HiddenNerve,myId:1,depth:2,eventId:1,parameter:0.0176893349--getInput
2019-12-22 15:37:44.160 DEBUG [main][HiddenNerve.java:23] - name:HiddenNerve,myId:2,depth:2,eventId:1,parameter:0.0176893349--getInput
2019-12-22 15:37:44.160 DEBUG [main][HiddenNerve.java:23] - name:HiddenNerve,myId:3,depth:2,eventId:1,parameter:0.0176893349--getInput
2019-12-22 15:37:44.161 DEBUG [main][HiddenNerve.java:23] - name:HiddenNerve,myId:2,depth:1,eventId:1,parameter:3.0--getInput
2019-12-22 15:37:44.161 DEBUG [main][HiddenNerve.java:26] - depth:1,myID:2--startCalculation
2019-12-22 15:37:44.161 DEBUG [main][Nerve.java:73] - name:HiddenNerve,eventId:1,id:1,myId:2,w:0.17203919915049604,value:2.0
2019-12-22 15:37:44.162 DEBUG [main][Nerve.java:73] - name:HiddenNerve,eventId:1,id:2,myId:2,w:0.1855947632965882,value:3.0
2019-12-22 15:37:44.162 DEBUG [main][Nerve.java:75] - 当前神经元线性变化已经完成,name:HiddenNerve,id:2
2019-12-22 15:37:44.162 DEBUG [main][HiddenNerve.java:29] - depth:1,myID:2,outPut:0.6044833837
2019-12-22 15:37:44.163 DEBUG [main][HiddenNerve.java:23] - name:HiddenNerve,myId:1,depth:2,eventId:1,parameter:0.6044833837--getInput
2019-12-22 15:37:44.163 DEBUG [main][HiddenNerve.java:23] - name:HiddenNerve,myId:2,depth:2,eventId:1,parameter:0.6044833837--getInput
2019-12-22 15:37:44.164 DEBUG [main][HiddenNerve.java:23] - name:HiddenNerve,myId:3,depth:2,eventId:1,parameter:0.6044833837--getInput
2019-12-22 15:37:44.164 DEBUG [main][HiddenNerve.java:23] - name:HiddenNerve,myId:3,depth:1,eventId:1,parameter:3.0--getInput
2019-12-22 15:37:44.164 DEBUG [main][HiddenNerve.java:26] - depth:1,myID:3--startCalculation
2019-12-22 15:37:44.165 DEBUG [main][Nerve.java:73] - name:HiddenNerve,eventId:1,id:1,myId:3,w:0.1301429756884488,value:2.0
2019-12-22 15:37:44.165 DEBUG [main][Nerve.java:73] - name:HiddenNerve,eventId:1,id:2,myId:3,w:0.42030575088520683,value:3.0
2019-12-22 15:37:44.165 DEBUG [main][Nerve.java:75] - 当前神经元线性变化已经完成,name:HiddenNerve,id:3
2019-12-22 15:37:44.166 DEBUG [main][HiddenNerve.java:29] - depth:1,myID:3,outPut:0.0765595632
2019-12-22 15:37:44.166 DEBUG [main][HiddenNerve.java:23] - name:HiddenNerve,myId:1,depth:2,eventId:1,parameter:0.0765595632--getInput
2019-12-22 15:37:44.166 DEBUG [main][HiddenNerve.java:26] - depth:2,myID:1--startCalculation
2019-12-22 15:37:44.167 DEBUG [main][Nerve.java:73] - name:HiddenNerve,eventId:1,id:1,myId:1,w:0.9961156402508025,value:0.0176893349
2019-12-22 15:37:44.167 DEBUG [main][Nerve.java:73] - name:HiddenNerve,eventId:1,id:2,myId:1,w:0.13553702451865768,value:0.6044833837
2019-12-22 15:37:44.168 DEBUG [main][Nerve.java:73] - name:HiddenNerve,eventId:1,id:3,myId:1,w:0.38460020579916776,value:0.0765595632
2019-12-22 15:37:44.168 DEBUG [main][Nerve.java:75] - 当前神经元线性变化已经完成,name:HiddenNerve,id:1
2019-12-22 15:37:44.168 DEBUG [main][HiddenNerve.java:29] - depth:2,myID:1,outPut:5.80462E-5
2019-12-22 15:37:44.168 DEBUG [main][OutNerve.java:20] - Nerve:OutNerve,eventId:1,parameter:5.80462E-5--getInput
2019-12-22 15:37:44.169 DEBUG [main][HiddenNerve.java:23] - name:HiddenNerve,myId:2,depth:2,eventId:1,parameter:0.0765595632--getInput
2019-12-22 15:37:44.171 DEBUG [main][HiddenNerve.java:26] - depth:2,myID:2--startCalculation
2019-12-22 15:37:44.172 DEBUG [main][Nerve.java:73] - name:HiddenNerve,eventId:1,id:1,myId:2,w:0.521886111665167,value:0.0176893349
2019-12-22 15:37:44.172 DEBUG [main][Nerve.java:73] - name:HiddenNerve,eventId:1,id:2,myId:2,w:0.7165655885608242,value:0.6044833837
2019-12-22 15:37:44.174 DEBUG [main][Nerve.java:73] - name:HiddenNerve,eventId:1,id:3,myId:2,w:0.5867891320278732,value:0.0765595632
2019-12-22 15:37:44.175 DEBUG [main][Nerve.java:75] - 当前神经元线性变化已经完成,name:HiddenNerve,id:2
2019-12-22 15:37:44.175 DEBUG [main][HiddenNerve.java:29] - depth:2,myID:2,outPut:0.0017913437
2019-12-22 15:37:44.175 DEBUG [main][OutNerve.java:20] - Nerve:OutNerve,eventId:1,parameter:0.0017913437--getInput
2019-12-22 15:37:44.176 DEBUG [main][HiddenNerve.java:23] - name:HiddenNerve,myId:3,depth:2,eventId:1,parameter:0.0765595632--getInput
2019-12-22 15:37:44.176 DEBUG [main][HiddenNerve.java:26] - depth:2,myID:3--startCalculation
2019-12-22 15:37:44.176 DEBUG [main][Nerve.java:73] - name:HiddenNerve,eventId:1,id:1,myId:3,w:0.24450346613842178,value:0.0176893349
2019-12-22 15:37:44.177 DEBUG [main][Nerve.java:73] - name:HiddenNerve,eventId:1,id:2,myId:3,w:0.8766290424330992,value:0.6044833837
2019-12-22 15:37:44.177 DEBUG [main][Nerve.java:73] - name:HiddenNerve,eventId:1,id:3,myId:3,w:0.8601902045295589,value:0.0765595632
2019-12-22 15:37:44.177 DEBUG [main][Nerve.java:75] - 当前神经元线性变化已经完成,name:HiddenNerve,id:3
2019-12-22 15:37:44.178 DEBUG [main][HiddenNerve.java:29] - depth:2,myID:3,outPut:0.1129288418
2019-12-22 15:37:44.178 DEBUG [main][OutNerve.java:20] - Nerve:OutNerve,eventId:1,parameter:0.1129288418--getInput
2019-12-22 15:37:44.179 DEBUG [main][Nerve.java:73] - name:OutNerve,eventId:1,id:1,myId:1,w:0.7639562236463303,value:5.80462E-5
2019-12-22 15:37:44.179 DEBUG [main][Nerve.java:73] - name:OutNerve,eventId:1,id:2,myId:1,w:0.13089750100267206,value:0.0017913437
2019-12-22 15:37:44.180 DEBUG [main][Nerve.java:73] - name:OutNerve,eventId:1,id:3,myId:1,w:0.5048052050925864,value:0.1129288418
2019-12-22 15:37:44.180 DEBUG [main][Nerve.java:75] - 当前神经元线性变化已经完成,name:OutNerve,id:1
2019-12-22 15:37:44.180 DEBUG [main][OutNerve.java:25] - myId:1,outPut:0.0576321988------END
